TN:
SF:src/modules/appointments/services/CreateAppointmentService.ts
FN:41,Object.<anonymous>
FN:41,Object.<anonymous>.__decorate
FN:41,Object.<anonymous>.__metadata
FN:41,Object.<anonymous>.__param
FN:41,Object.<anonymous>.__awaiter
FN:41,adopt
FN:41,fulfilled
FN:41,rejected
FN:41,step
FN:41,Object.<anonymous>.__generator
FN:41,sent
FN:41,Symbol.function.g.(anonymous function)
FN:41,verb
FN:41,step
FN:41,Object.<anonymous>.__importDefault
FN:18,CreateAppointmentService
FN:23,Object.<anonymous>.CreateAppointmentService.execute
FNF:17
FNH:15
FNDA:1,Object.<anonymous>
FNDA:1,Object.<anonymous>.__decorate
FNDA:1,Object.<anonymous>.__metadata
FNDA:1,Object.<anonymous>.__param
FNDA:3,Object.<anonymous>.__awaiter
FNDA:3,adopt
FNDA:3,fulfilled
FNDA:0,rejected
FNDA:5,step
FNDA:3,Object.<anonymous>.__generator
FNDA:3,sent
FNDA:0,Symbol.function.g.(anonymous function)
FNDA:9,verb
FNDA:6,step
FNDA:1,Object.<anonymous>.__importDefault
FNDA:2,CreateAppointmentService
FNDA:3,Object.<anonymous>.CreateAppointmentService.execute
DA:1,1
DA:2,1
DA:3,1
DA:4,1
DA:5,1
DA:6,1
DA:7,1
DA:8,1
DA:9,1
DA:10,1
DA:11,1
DA:12,1
DA:13,1
DA:14,1
DA:15,1
DA:16,1
DA:17,1
DA:18,1
DA:19,2
DA:20,2
DA:21,2
DA:22,1
DA:23,1
DA:24,3
DA:25,3
DA:26,3
DA:27,3
DA:28,3
DA:29,3
DA:30,3
DA:31,3
DA:32,2
DA:33,2
DA:34,2
DA:35,2
DA:36,2
DA:37,2
DA:38,2
DA:39,3
DA:40,1
DA:41,1
LF:41
LH:41
BRDA:41,0,0,1
BRDA:41,1,0,1
BRDA:41,2,0,1
BRDA:41,3,0,0
BRDA:41,4,0,0
BRDA:41,5,0,0
BRDA:41,6,0,0
BRDA:41,7,0,1
BRDA:41,8,0,1
BRDA:41,9,0,1
BRDA:41,10,0,3
BRDA:41,11,0,3
BRDA:41,12,0,0
BRDA:41,13,0,3
BRDA:41,14,0,3
BRDA:41,15,0,2
BRDA:41,16,0,1
BRDA:41,17,0,5
BRDA:41,18,0,2
BRDA:41,19,0,3
BRDA:41,20,0,3
BRDA:41,21,0,3
BRDA:41,22,0,0
BRDA:41,23,0,9
BRDA:41,24,0,6
BRDA:41,25,0,6
BRDA:41,26,0,0
BRDA:41,27,0,12
BRDA:41,28,0,0
BRDA:41,29,0,0
BRDA:41,30,0,0
BRDA:41,31,0,0
BRDA:41,32,0,6
BRDA:41,33,0,6
BRDA:41,34,0,0
BRDA:41,35,0,3
BRDA:41,36,0,0
BRDA:41,37,0,3
BRDA:41,38,0,0
BRDA:41,39,0,2
BRDA:41,40,0,0
BRDA:41,41,0,0
BRDA:41,42,0,0
BRDA:41,43,0,0
BRDA:41,44,0,0
BRDA:41,45,0,6
BRDA:41,46,0,5
BRDA:41,47,0,1
BRDA:41,48,0,6
BRDA:41,49,0,3
BRDA:41,50,0,1
BRDA:41,51,0,2
BRDA:41,52,0,0
BRDA:41,53,0,1
BRDA:41,54,0,0
BRDA:17,55,0,1
BRDA:18,56,0,2
BRDA:23,57,0,3
BRDA:41,58,0,3
BRDA:41,59,0,6
BRDA:41,60,0,3
BRDA:41,61,0,0
BRDA:41,62,0,3
BRDA:31,63,0,1
BRDA:31,64,0,2
BRDA:41,65,0,0
BRF:66
BRH:43
end_of_record
TN:
SF:src/modules/users/services/AuthenticateUserService.ts
FN:1,(empty-report)
FNF:1
FNH:0
FNDA:0,(empty-report)
DA:1,0
DA:2,0
DA:3,0
DA:4,0
DA:5,0
DA:6,0
DA:7,0
DA:8,0
DA:9,0
DA:10,0
DA:11,0
DA:12,0
DA:13,0
DA:14,0
DA:15,0
DA:16,0
DA:17,0
DA:18,0
DA:19,0
DA:20,0
DA:21,0
DA:22,0
DA:23,0
DA:24,0
DA:25,0
DA:26,0
DA:27,0
DA:28,0
DA:29,0
DA:30,0
DA:31,0
DA:32,0
DA:33,0
DA:34,0
DA:35,0
DA:36,0
DA:37,0
DA:38,0
DA:39,0
DA:40,0
DA:41,0
DA:42,0
DA:43,0
DA:44,0
DA:45,0
DA:46,0
DA:47,0
DA:48,0
DA:49,0
LF:49
LH:0
BRDA:1,0,0,0
BRF:1
BRH:0
end_of_record
TN:
SF:src/modules/users/services/CreateUserService.ts
FN:36,Object.<anonymous>
FN:36,Object.<anonymous>.__decorate
FN:36,Object.<anonymous>.__metadata
FN:36,Object.<anonymous>.__param
FN:36,Object.<anonymous>.__awaiter
FN:36,adopt
FN:36,fulfilled
FN:36,rejected
FN:36,step
FN:36,Object.<anonymous>.__generator
FN:36,sent
FN:36,Symbol.function.g.(anonymous function)
FN:36,verb
FN:36,step
FN:36,Object.<anonymous>.__importDefault
FN:14,CreateUserService
FN:19,Object.<anonymous>.CreateUserService.execute
FNF:17
FNH:15
FNDA:1,Object.<anonymous>
FNDA:1,Object.<anonymous>.__decorate
FNDA:1,Object.<anonymous>.__metadata
FNDA:1,Object.<anonymous>.__param
FNDA:3,Object.<anonymous>.__awaiter
FNDA:7,adopt
FNDA:7,fulfilled
FNDA:0,rejected
FNDA:9,step
FNDA:3,Object.<anonymous>.__generator
FNDA:7,sent
FNDA:0,Symbol.function.g.(anonymous function)
FNDA:9,verb
FNDA:10,step
FNDA:1,Object.<anonymous>.__importDefault
FNDA:2,CreateUserService
FNDA:3,Object.<anonymous>.CreateUserService.execute
DA:1,1
DA:2,1
DA:3,1
DA:4,1
DA:5,1
DA:6,1
DA:7,1
DA:8,1
DA:9,1
DA:10,1
DA:11,1
DA:12,1
DA:13,1
DA:14,1
DA:15,2
DA:16,2
DA:17,2
DA:18,1
DA:19,1
DA:20,3
DA:21,3
DA:22,3
DA:23,2
DA:24,2
DA:25,3
DA:26,3
DA:27,3
DA:28,3
DA:29,3
DA:30,3
DA:31,3
DA:32,3
DA:33,3
DA:34,1
DA:35,1
DA:36,1
LF:36
LH:36
BRDA:36,0,0,1
BRDA:36,1,0,1
BRDA:36,2,0,1
BRDA:36,3,0,0
BRDA:36,4,0,0
BRDA:36,5,0,0
BRDA:36,6,0,0
BRDA:36,7,0,1
BRDA:36,8,0,1
BRDA:36,9,0,1
BRDA:36,10,0,3
BRDA:36,11,0,7
BRDA:36,12,0,0
BRDA:36,13,0,3
BRDA:36,14,0,7
BRDA:36,15,0,6
BRDA:36,16,0,1
BRDA:36,17,0,9
BRDA:36,18,0,2
BRDA:36,19,0,7
BRDA:36,20,0,3
BRDA:36,21,0,7
BRDA:36,22,0,0
BRDA:36,23,0,9
BRDA:36,24,0,10
BRDA:36,25,0,10
BRDA:36,26,0,0
BRDA:36,27,0,20
BRDA:36,28,0,0
BRDA:36,29,0,0
BRDA:36,30,0,0
BRDA:36,31,0,0
BRDA:36,32,0,10
BRDA:36,33,0,10
BRDA:36,34,0,0
BRDA:36,35,0,7
BRDA:36,36,0,0
BRDA:36,37,0,3
BRDA:36,38,0,0
BRDA:36,39,0,2
BRDA:36,40,0,0
BRDA:36,41,0,0
BRDA:36,42,0,0
BRDA:36,43,0,0
BRDA:36,44,0,0
BRDA:36,45,0,10
BRDA:36,46,0,9
BRDA:36,47,0,1
BRDA:36,48,0,10
BRDA:36,49,0,3
BRDA:36,50,0,1
BRDA:36,51,0,2
BRDA:36,52,0,0
BRDA:36,53,0,1
BRDA:36,54,0,0
BRDA:13,55,0,1
BRDA:14,56,0,2
BRDA:19,57,0,3
BRDA:36,58,0,3
BRDA:36,59,0,10
BRDA:20,60,0,3
BRDA:36,61,0,0
BRDA:36,62,0,3
BRDA:22,63,0,1
BRDA:22,64,0,2
BRDA:36,65,0,0
BRDA:36,66,0,2
BRDA:36,67,0,0
BRDA:36,68,0,2
BRDA:36,69,0,0
BRF:70
BRH:45
end_of_record
TN:
SF:src/modules/users/services/UpdateUserAvatarService.ts
FN:1,(empty-report)
FNF:1
FNH:0
FNDA:0,(empty-report)
DA:1,0
DA:2,0
DA:3,0
DA:4,0
DA:5,0
DA:6,0
DA:7,0
DA:8,0
DA:9,0
DA:10,0
DA:11,0
DA:12,0
DA:13,0
DA:14,0
DA:15,0
DA:16,0
DA:17,0
DA:18,0
DA:19,0
DA:20,0
DA:21,0
DA:22,0
DA:23,0
DA:24,0
DA:25,0
DA:26,0
DA:27,0
DA:28,0
DA:29,0
DA:30,0
DA:31,0
DA:32,0
DA:33,0
DA:34,0
DA:35,0
DA:36,0
DA:37,0
DA:38,0
DA:39,0
DA:40,0
DA:41,0
LF:41
LH:0
BRDA:1,0,0,0
BRF:1
BRH:0
end_of_record
