TN:
SF:src/modules/appointments/services/CreateAppointmentService.ts
FN:41,Object.<anonymous>
FN:41,Object.<anonymous>.__decorate
FN:41,Object.<anonymous>.__metadata
FN:41,Object.<anonymous>.__param
FN:41,Object.<anonymous>.__awaiter
FN:41,adopt
FN:41,fulfilled
FN:41,rejected
FN:41,step
FN:41,Object.<anonymous>.__generator
FN:41,sent
FN:41,Symbol.function.g.(anonymous function)
FN:41,verb
FN:41,step
FN:41,Object.<anonymous>.__importDefault
FN:18,CreateAppointmentService
FN:23,Object.<anonymous>.CreateAppointmentService.execute
FNF:17
FNH:15
FNDA:1,Object.<anonymous>
FNDA:1,Object.<anonymous>.__decorate
FNDA:1,Object.<anonymous>.__metadata
FNDA:1,Object.<anonymous>.__param
FNDA:3,Object.<anonymous>.__awaiter
FNDA:3,adopt
FNDA:3,fulfilled
FNDA:0,rejected
FNDA:5,step
FNDA:3,Object.<anonymous>.__generator
FNDA:3,sent
FNDA:0,Symbol.function.g.(anonymous function)
FNDA:9,verb
FNDA:6,step
FNDA:1,Object.<anonymous>.__importDefault
FNDA:2,CreateAppointmentService
FNDA:3,Object.<anonymous>.CreateAppointmentService.execute
DA:1,1
DA:2,1
DA:3,1
DA:4,1
DA:5,1
DA:6,1
DA:7,1
DA:8,1
DA:9,1
DA:10,1
DA:11,1
DA:12,1
DA:13,1
DA:14,1
DA:15,1
DA:16,1
DA:17,1
DA:18,1
DA:19,2
DA:20,2
DA:21,2
DA:22,1
DA:23,1
DA:24,3
DA:25,3
DA:26,3
DA:27,3
DA:28,3
DA:29,3
DA:30,3
DA:31,3
DA:32,2
DA:33,2
DA:34,2
DA:35,2
DA:36,2
DA:37,2
DA:38,2
DA:39,3
DA:40,1
DA:41,1
LF:41
LH:41
BRDA:41,0,0,1
BRDA:41,1,0,1
BRDA:41,2,0,1
BRDA:41,3,0,0
BRDA:41,4,0,0
BRDA:41,5,0,0
BRDA:41,6,0,0
BRDA:41,7,0,1
BRDA:41,8,0,1
BRDA:41,9,0,1
BRDA:41,10,0,3
BRDA:41,11,0,3
BRDA:41,12,0,0
BRDA:41,13,0,3
BRDA:41,14,0,3
BRDA:41,15,0,2
BRDA:41,16,0,1
BRDA:41,17,0,5
BRDA:41,18,0,2
BRDA:41,19,0,3
BRDA:41,20,0,3
BRDA:41,21,0,3
BRDA:41,22,0,0
BRDA:41,23,0,9
BRDA:41,24,0,6
BRDA:41,25,0,6
BRDA:41,26,0,0
BRDA:41,27,0,12
BRDA:41,28,0,0
BRDA:41,29,0,0
BRDA:41,30,0,0
BRDA:41,31,0,0
BRDA:41,32,0,6
BRDA:41,33,0,6
BRDA:41,34,0,0
BRDA:41,35,0,3
BRDA:41,36,0,0
BRDA:41,37,0,3
BRDA:41,38,0,0
BRDA:41,39,0,2
BRDA:41,40,0,0
BRDA:41,41,0,0
BRDA:41,42,0,0
BRDA:41,43,0,0
BRDA:41,44,0,0
BRDA:41,45,0,6
BRDA:41,46,0,5
BRDA:41,47,0,1
BRDA:41,48,0,6
BRDA:41,49,0,3
BRDA:41,50,0,1
BRDA:41,51,0,2
BRDA:41,52,0,0
BRDA:41,53,0,1
BRDA:41,54,0,0
BRDA:17,55,0,1
BRDA:18,56,0,2
BRDA:23,57,0,3
BRDA:41,58,0,3
BRDA:41,59,0,6
BRDA:41,60,0,3
BRDA:41,61,0,0
BRDA:41,62,0,3
BRDA:31,63,0,1
BRDA:31,64,0,2
BRDA:41,65,0,0
BRF:66
BRH:43
end_of_record
TN:
SF:src/modules/users/services/AuthenticateUserService.ts
FN:55,Object.<anonymous>
FN:55,Object.<anonymous>.__decorate
FN:55,Object.<anonymous>.__metadata
FN:55,Object.<anonymous>.__param
FN:55,Object.<anonymous>.__awaiter
FN:55,adopt
FN:55,fulfilled
FN:55,rejected
FN:55,step
FN:55,Object.<anonymous>.__generator
FN:55,sent
FN:55,Symbol.function.g.(anonymous function)
FN:55,verb
FN:55,step
FN:55,Object.<anonymous>.__importDefault
FN:21,AuthenticateUSerService
FN:29,Object.<anonymous>.AuthenticateUSerService.execute
FNF:17
FNH:15
FNDA:1,Object.<anonymous>
FNDA:1,Object.<anonymous>.__decorate
FNDA:1,Object.<anonymous>.__metadata
FNDA:2,Object.<anonymous>.__param
FNDA:1,Object.<anonymous>.__awaiter
FNDA:2,adopt
FNDA:2,fulfilled
FNDA:0,rejected
FNDA:3,step
FNDA:1,Object.<anonymous>.__generator
FNDA:2,sent
FNDA:0,Symbol.function.g.(anonymous function)
FNDA:3,verb
FNDA:3,step
FNDA:2,Object.<anonymous>.__importDefault
FNDA:1,AuthenticateUSerService
FNDA:1,Object.<anonymous>.AuthenticateUSerService.execute
DA:1,1
DA:2,1
DA:3,1
DA:4,1
DA:5,1
DA:6,1
DA:7,1
DA:8,1
DA:9,1
DA:10,1
DA:11,1
DA:12,1
DA:13,1
DA:14,1
DA:15,1
DA:16,1
DA:17,1
DA:18,1
DA:19,1
DA:20,1
DA:21,1
DA:22,1
DA:23,1
DA:24,1
DA:25,1
DA:26,1
DA:27,1
DA:28,1
DA:29,1
DA:30,1
DA:31,1
DA:32,1
DA:33,1
DA:34,1
DA:35,1
DA:36,1
DA:37,1
DA:38,1
DA:39,1
DA:40,1
DA:41,1
DA:42,1
DA:43,1
DA:44,1
DA:45,1
DA:46,1
DA:47,1
DA:48,1
DA:49,1
DA:50,1
DA:51,1
DA:52,1
DA:53,1
DA:54,1
DA:55,1
LF:55
LH:55
BRDA:55,0,0,1
BRDA:55,1,0,1
BRDA:55,2,0,1
BRDA:55,3,0,0
BRDA:55,4,0,0
BRDA:55,5,0,0
BRDA:55,6,0,0
BRDA:55,7,0,1
BRDA:55,8,0,2
BRDA:55,9,0,2
BRDA:55,10,0,1
BRDA:55,11,0,2
BRDA:55,12,0,0
BRDA:55,13,0,1
BRDA:55,14,0,2
BRDA:55,15,0,0
BRDA:55,16,0,3
BRDA:55,17,0,1
BRDA:55,18,0,2
BRDA:55,19,0,1
BRDA:55,20,0,2
BRDA:55,21,0,0
BRDA:55,22,0,3
BRDA:55,23,0,3
BRDA:55,24,0,3
BRDA:55,25,0,0
BRDA:55,26,0,6
BRDA:55,27,0,0
BRDA:55,28,0,0
BRDA:55,29,0,0
BRDA:55,30,0,0
BRDA:55,31,0,3
BRDA:55,32,0,3
BRDA:55,33,0,0
BRDA:55,34,0,2
BRDA:55,35,0,0
BRDA:55,36,0,1
BRDA:55,37,0,0
BRDA:55,38,0,0
BRDA:55,39,0,0
BRDA:55,40,0,0
BRDA:55,41,0,0
BRDA:55,42,0,0
BRDA:55,43,0,3
BRDA:55,44,0,0
BRDA:55,45,0,3
BRDA:55,46,0,1
BRDA:55,47,0,0
BRDA:55,48,0,1
BRDA:55,49,0,0
BRDA:55,50,0,2
BRDA:55,51,0,0
BRDA:20,52,0,1
BRDA:21,53,0,1
BRDA:29,54,0,1
BRDA:55,55,0,1
BRDA:55,56,0,3
BRDA:30,57,0,1
BRDA:55,58,0,0
BRDA:55,59,0,1
BRDA:32,60,0,0
BRDA:55,61,0,0
BRDA:55,62,0,1
BRDA:40,63,0,0
BRDA:55,64,0,0
BRF:65
BRH:36
end_of_record
TN:
SF:src/modules/users/services/CreateUserService.ts
FN:39,Object.<anonymous>
FN:39,Object.<anonymous>.__decorate
FN:39,Object.<anonymous>.__metadata
FN:39,Object.<anonymous>.__param
FN:39,Object.<anonymous>.__awaiter
FN:39,adopt
FN:39,fulfilled
FN:39,rejected
FN:39,step
FN:39,Object.<anonymous>.__generator
FN:39,sent
FN:39,Symbol.function.g.(anonymous function)
FN:39,verb
FN:39,step
FN:39,Object.<anonymous>.__importDefault
FN:14,CreateUserService
FN:22,Object.<anonymous>.CreateUserService.execute
FNF:17
FNH:15
FNDA:2,Object.<anonymous>
FNDA:2,Object.<anonymous>.__decorate
FNDA:2,Object.<anonymous>.__metadata
FNDA:4,Object.<anonymous>.__param
FNDA:4,Object.<anonymous>.__awaiter
FNDA:10,adopt
FNDA:10,fulfilled
FNDA:0,rejected
FNDA:13,step
FNDA:4,Object.<anonymous>.__generator
FNDA:10,sent
FNDA:0,Symbol.function.g.(anonymous function)
FNDA:12,verb
FNDA:14,step
FNDA:2,Object.<anonymous>.__importDefault
FNDA:3,CreateUserService
FNDA:4,Object.<anonymous>.CreateUserService.execute
DA:1,1
DA:2,1
DA:3,1
DA:4,1
DA:5,1
DA:6,1
DA:7,1
DA:8,1
DA:9,1
DA:10,1
DA:11,1
DA:12,1
DA:13,2
DA:14,2
DA:15,3
DA:16,3
DA:17,3
DA:18,3
DA:19,3
DA:20,3
DA:21,2
DA:22,2
DA:23,4
DA:24,4
DA:25,4
DA:26,3
DA:27,3
DA:28,4
DA:29,4
DA:30,4
DA:31,4
DA:32,4
DA:33,4
DA:34,4
DA:35,4
DA:36,4
DA:37,2
DA:38,1
DA:39,1
LF:39
LH:39
BRDA:39,0,0,2
BRDA:39,1,0,2
BRDA:39,2,0,2
BRDA:39,3,0,0
BRDA:39,4,0,0
BRDA:39,5,0,0
BRDA:39,6,0,0
BRDA:39,7,0,2
BRDA:39,8,0,4
BRDA:39,9,0,4
BRDA:39,10,0,4
BRDA:39,11,0,10
BRDA:39,12,0,0
BRDA:39,13,0,4
BRDA:39,14,0,10
BRDA:39,15,0,9
BRDA:39,16,0,1
BRDA:39,17,0,13
BRDA:39,18,0,3
BRDA:39,19,0,10
BRDA:39,20,0,4
BRDA:39,21,0,10
BRDA:39,22,0,0
BRDA:39,23,0,12
BRDA:39,24,0,14
BRDA:39,25,0,14
BRDA:39,26,0,0
BRDA:39,27,0,28
BRDA:39,28,0,0
BRDA:39,29,0,0
BRDA:39,30,0,0
BRDA:39,31,0,0
BRDA:39,32,0,14
BRDA:39,33,0,14
BRDA:39,34,0,0
BRDA:39,35,0,10
BRDA:39,36,0,0
BRDA:39,37,0,4
BRDA:39,38,0,0
BRDA:39,39,0,3
BRDA:39,40,0,0
BRDA:39,41,0,0
BRDA:39,42,0,0
BRDA:39,43,0,0
BRDA:39,44,0,0
BRDA:39,45,0,24
BRDA:39,46,0,14
BRDA:39,47,0,13
BRDA:39,48,0,1
BRDA:39,49,0,14
BRDA:39,50,0,4
BRDA:39,51,0,1
BRDA:39,52,0,3
BRDA:39,53,0,0
BRDA:39,54,0,2
BRDA:39,55,0,0
BRDA:13,56,0,2
BRDA:14,57,0,3
BRDA:22,58,0,4
BRDA:39,59,0,4
BRDA:39,60,0,14
BRDA:23,61,0,4
BRDA:39,62,0,0
BRDA:39,63,0,4
BRDA:25,64,0,1
BRDA:25,65,0,3
BRDA:39,66,0,0
BRDA:39,67,0,3
BRDA:39,68,0,0
BRDA:39,69,0,3
BRDA:39,70,0,0
BRF:71
BRH:46
end_of_record
TN:
SF:src/modules/users/services/UpdateUserAvatarService.ts
FN:1,(empty-report)
FNF:1
FNH:0
FNDA:0,(empty-report)
DA:1,0
DA:2,0
DA:3,0
DA:4,0
DA:5,0
DA:6,0
DA:7,0
DA:8,0
DA:9,0
DA:10,0
DA:11,0
DA:12,0
DA:13,0
DA:14,0
DA:15,0
DA:16,0
DA:17,0
DA:18,0
DA:19,0
DA:20,0
DA:21,0
DA:22,0
DA:23,0
DA:24,0
DA:25,0
DA:26,0
DA:27,0
DA:28,0
DA:29,0
DA:30,0
DA:31,0
DA:32,0
DA:33,0
DA:34,0
DA:35,0
DA:36,0
DA:37,0
DA:38,0
DA:39,0
DA:40,0
DA:41,0
LF:41
LH:0
BRDA:1,0,0,0
BRF:1
BRH:0
end_of_record
